<?xml version="1.0" encoding="UTF-8"?>
<testsuite xmlns:xsi="http://www.w3.org/2001/XMLSchema-instance" xsi:noNamespaceSchemaLocation="https://maven.apache.org/surefire/maven-surefire-plugin/xsd/surefire-test-report.xsd" name="com.example.demo.GatewayServiceApplicationTests" time="0.611" tests="1" errors="1" skipped="0" failures="0">
  <properties>
    <property name="java.specification.version" value="14"/>
    <property name="sun.cpu.isalist" value="amd64"/>
    <property name="sun.jnu.encoding" value="Cp1252"/>
    <property name="java.class.path" value="C:\MicroCredentiaPrg\GatewayService\target\test-classes;C:\MicroCredentiaPrg\GatewayService\target\classes;C:\Users\javacloudmc498\.m2\repository\org\springframework\cloud\spring-cloud-starter-netflix-zuul\2.2.3.RELEASE\spring-cloud-starter-netflix-zuul-2.2.3.RELEASE.jar;C:\Users\javacloudmc498\.m2\repository\org\springframework\cloud\spring-cloud-netflix-zuul\2.2.3.RELEASE\spring-cloud-netflix-zuul-2.2.3.RELEASE.jar;C:\Users\javacloudmc498\.m2\repository\org\apache\httpcomponents\httpclient\4.5.13\httpclient-4.5.13.jar;C:\Users\javacloudmc498\.m2\repository\org\apache\httpcomponents\httpcore\4.4.13\httpcore-4.4.13.jar;C:\Users\javacloudmc498\.m2\repository\commons-codec\commons-codec\1.14\commons-codec-1.14.jar;C:\Users\javacloudmc498\.m2\repository\com\netflix\netflix-commons\netflix-commons-util\0.3.0\netflix-commons-util-0.3.0.jar;C:\Users\javacloudmc498\.m2\repository\javax\inject\javax.inject\1\javax.inject-1.jar;C:\Users\javacloudmc498\.m2\repository\org\springframework\cloud\spring-cloud-starter\2.2.3.RELEASE\spring-cloud-starter-2.2.3.RELEASE.jar;C:\Users\javacloudmc498\.m2\repository\org\springframework\cloud\spring-cloud-context\2.2.3.RELEASE\spring-cloud-context-2.2.3.RELEASE.jar;C:\Users\javacloudmc498\.m2\repository\org\springframework\security\spring-security-crypto\5.3.5.RELEASE\spring-security-crypto-5.3.5.RELEASE.jar;C:\Users\javacloudmc498\.m2\repository\org\springframework\cloud\spring-cloud-commons\2.2.3.RELEASE\spring-cloud-commons-2.2.3.RELEASE.jar;C:\Users\javacloudmc498\.m2\repository\org\springframework\security\spring-security-rsa\1.0.9.RELEASE\spring-security-rsa-1.0.9.RELEASE.jar;C:\Users\javacloudmc498\.m2\repository\org\bouncycastle\bcpkix-jdk15on\1.64\bcpkix-jdk15on-1.64.jar;C:\Users\javacloudmc498\.m2\repository\org\bouncycastle\bcprov-jdk15on\1.64\bcprov-jdk15on-1.64.jar;C:\Users\javacloudmc498\.m2\repository\org\springframework\boot\spring-boot-starter-actuator\2.3.6.RELEASE\spring-boot-starter-actuator-2.3.6.RELEASE.jar;C:\Users\javacloudmc498\.m2\repository\org\springframework\boot\spring-boot-actuator-autoconfigure\2.3.6.RELEASE\spring-boot-actuator-autoconfigure-2.3.6.RELEASE.jar;C:\Users\javacloudmc498\.m2\repository\org\springframework\boot\spring-boot-actuator\2.3.6.RELEASE\spring-boot-actuator-2.3.6.RELEASE.jar;C:\Users\javacloudmc498\.m2\repository\io\micrometer\micrometer-core\1.5.7\micrometer-core-1.5.7.jar;C:\Users\javacloudmc498\.m2\repository\org\hdrhistogram\HdrHistogram\2.1.12\HdrHistogram-2.1.12.jar;C:\Users\javacloudmc498\.m2\repository\org\latencyutils\LatencyUtils\2.0.3\LatencyUtils-2.0.3.jar;C:\Users\javacloudmc498\.m2\repository\org\springframework\cloud\spring-cloud-starter-netflix-hystrix\2.2.3.RELEASE\spring-cloud-starter-netflix-hystrix-2.2.3.RELEASE.jar;C:\Users\javacloudmc498\.m2\repository\org\springframework\cloud\spring-cloud-netflix-ribbon\2.2.3.RELEASE\spring-cloud-netflix-ribbon-2.2.3.RELEASE.jar;C:\Users\javacloudmc498\.m2\repository\com\netflix\hystrix\hystrix-core\1.5.18\hystrix-core-1.5.18.jar;C:\Users\javacloudmc498\.m2\repository\com\netflix\hystrix\hystrix-serialization\1.5.18\hystrix-serialization-1.5.18.jar;C:\Users\javacloudmc498\.m2\repository\com\fasterxml\jackson\module\jackson-module-afterburner\2.11.3\jackson-module-afterburner-2.11.3.jar;C:\Users\javacloudmc498\.m2\repository\com\netflix\hystrix\hystrix-metrics-event-stream\1.5.18\hystrix-metrics-event-stream-1.5.18.jar;C:\Users\javacloudmc498\.m2\repository\com\netflix\hystrix\hystrix-javanica\1.5.18\hystrix-javanica-1.5.18.jar;C:\Users\javacloudmc498\.m2\repository\org\apache\commons\commons-lang3\3.10\commons-lang3-3.10.jar;C:\Users\javacloudmc498\.m2\repository\org\ow2\asm\asm\5.0.4\asm-5.0.4.jar;C:\Users\javacloudmc498\.m2\repository\org\aspectj\aspectjweaver\1.9.6\aspectjweaver-1.9.6.jar;C:\Users\javacloudmc498\.m2\repository\com\google\guava\guava\29.0-android\guava-29.0-android.jar;C:\Users\javacloudmc498\.m2\repository\com\google\guava\failureaccess\1.0.1\failureaccess-1.0.1.jar;C:\Users\javacloudmc498\.m2\repository\com\google\guava\listenablefuture\9999.0-empty-to-avoid-conflict-with-guava\listenablefuture-9999.0-empty-to-avoid-conflict-with-guava.jar;C:\Users\javacloudmc498\.m2\repository\org\checkerframework\checker-compat-qual\2.5.5\checker-compat-qual-2.5.5.jar;C:\Users\javacloudmc498\.m2\repository\com\google\errorprone\error_prone_annotations\2.3.4\error_prone_annotations-2.3.4.jar;C:\Users\javacloudmc498\.m2\repository\com\google\j2objc\j2objc-annotations\1.3\j2objc-annotations-1.3.jar;C:\Users\javacloudmc498\.m2\repository\io\reactivex\rxjava-reactive-streams\1.2.1\rxjava-reactive-streams-1.2.1.jar;C:\Users\javacloudmc498\.m2\repository\org\reactivestreams\reactive-streams\1.0.3\reactive-streams-1.0.3.jar;C:\Users\javacloudmc498\.m2\repository\org\springframework\cloud\spring-cloud-starter-netflix-ribbon\2.2.3.RELEASE\spring-cloud-starter-netflix-ribbon-2.2.3.RELEASE.jar;C:\Users\javacloudmc498\.m2\repository\com\netflix\ribbon\ribbon\2.3.0\ribbon-2.3.0.jar;C:\Users\javacloudmc498\.m2\repository\com\netflix\ribbon\ribbon-transport\2.3.0\ribbon-transport-2.3.0.jar;C:\Users\javacloudmc498\.m2\repository\io\reactivex\rxnetty-contexts\0.4.9\rxnetty-contexts-0.4.9.jar;C:\Users\javacloudmc498\.m2\repository\io\reactivex\rxnetty-servo\0.4.9\rxnetty-servo-0.4.9.jar;C:\Users\javacloudmc498\.m2\repository\io\reactivex\rxnetty\0.4.9\rxnetty-0.4.9.jar;C:\Users\javacloudmc498\.m2\repository\com\netflix\ribbon\ribbon-core\2.3.0\ribbon-core-2.3.0.jar;C:\Users\javacloudmc498\.m2\repository\commons-lang\commons-lang\2.6\commons-lang-2.6.jar;C:\Users\javacloudmc498\.m2\repository\com\netflix\ribbon\ribbon-httpclient\2.3.0\ribbon-httpclient-2.3.0.jar;C:\Users\javacloudmc498\.m2\repository\commons-collections\commons-collections\3.2.2\commons-collections-3.2.2.jar;C:\Users\javacloudmc498\.m2\repository\com\netflix\ribbon\ribbon-loadbalancer\2.3.0\ribbon-loadbalancer-2.3.0.jar;C:\Users\javacloudmc498\.m2\repository\com\netflix\netflix-commons\netflix-statistics\0.1.1\netflix-statistics-0.1.1.jar;C:\Users\javacloudmc498\.m2\repository\io\reactivex\rxjava\1.3.8\rxjava-1.3.8.jar;C:\Users\javacloudmc498\.m2\repository\org\springframework\cloud\spring-cloud-starter-netflix-archaius\2.2.3.RELEASE\spring-cloud-starter-netflix-archaius-2.2.3.RELEASE.jar;C:\Users\javacloudmc498\.m2\repository\org\springframework\cloud\spring-cloud-netflix-archaius\2.2.3.RELEASE\spring-cloud-netflix-archaius-2.2.3.RELEASE.jar;C:\Users\javacloudmc498\.m2\repository\com\netflix\archaius\archaius-core\0.7.6\archaius-core-0.7.6.jar;C:\Users\javacloudmc498\.m2\repository\com\google\code\findbugs\jsr305\3.0.1\jsr305-3.0.1.jar;C:\Users\javacloudmc498\.m2\repository\commons-configuration\commons-configuration\1.8\commons-configuration-1.8.jar;C:\Users\javacloudmc498\.m2\repository\com\netflix\zuul\zuul-core\1.3.1\zuul-core-1.3.1.jar;C:\Users\javacloudmc498\.m2\repository\commons-io\commons-io\2.4\commons-io-2.4.jar;C:\Users\javacloudmc498\.m2\repository\org\slf4j\slf4j-api\1.7.30\slf4j-api-1.7.30.jar;C:\Users\javacloudmc498\.m2\repository\com\netflix\servo\servo-core\0.12.21\servo-core-0.12.21.jar;C:\Users\javacloudmc498\.m2\repository\org\springframework\boot\spring-boot-starter-test\2.3.6.RELEASE\spring-boot-starter-test-2.3.6.RELEASE.jar;C:\Users\javacloudmc498\.m2\repository\org\springframework\boot\spring-boot-test\2.3.6.RELEASE\spring-boot-test-2.3.6.RELEASE.jar;C:\Users\javacloudmc498\.m2\repository\org\springframework\boot\spring-boot-test-autoconfigure\2.3.6.RELEASE\spring-boot-test-autoconfigure-2.3.6.RELEASE.jar;C:\Users\javacloudmc498\.m2\repository\com\jayway\jsonpath\json-path\2.4.0\json-path-2.4.0.jar;C:\Users\javacloudmc498\.m2\repository\net\minidev\json-smart\2.3\json-smart-2.3.jar;C:\Users\javacloudmc498\.m2\repository\net\minidev\accessors-smart\1.2\accessors-smart-1.2.jar;C:\Users\javacloudmc498\.m2\repository\jakarta\xml\bind\jakarta.xml.bind-api\2.3.3\jakarta.xml.bind-api-2.3.3.jar;C:\Users\javacloudmc498\.m2\repository\jakarta\activation\jakarta.activation-api\1.2.2\jakarta.activation-api-1.2.2.jar;C:\Users\javacloudmc498\.m2\repository\org\assertj\assertj-core\3.16.1\assertj-core-3.16.1.jar;C:\Users\javacloudmc498\.m2\repository\org\hamcrest\hamcrest\2.2\hamcrest-2.2.jar;C:\Users\javacloudmc498\.m2\repository\org\junit\jupiter\junit-jupiter\5.6.3\junit-jupiter-5.6.3.jar;C:\Users\javacloudmc498\.m2\repository\org\junit\jupiter\junit-jupiter-api\5.6.3\junit-jupiter-api-5.6.3.jar;C:\Users\javacloudmc498\.m2\repository\org\apiguardian\apiguardian-api\1.1.0\apiguardian-api-1.1.0.jar;C:\Users\javacloudmc498\.m2\repository\org\opentest4j\opentest4j\1.2.0\opentest4j-1.2.0.jar;C:\Users\javacloudmc498\.m2\repository\org\junit\platform\junit-platform-commons\1.6.3\junit-platform-commons-1.6.3.jar;C:\Users\javacloudmc498\.m2\repository\org\junit\jupiter\junit-jupiter-params\5.6.3\junit-jupiter-params-5.6.3.jar;C:\Users\javacloudmc498\.m2\repository\org\junit\jupiter\junit-jupiter-engine\5.6.3\junit-jupiter-engine-5.6.3.jar;C:\Users\javacloudmc498\.m2\repository\org\junit\platform\junit-platform-engine\1.6.3\junit-platform-engine-1.6.3.jar;C:\Users\javacloudmc498\.m2\repository\org\mockito\mockito-core\3.3.3\mockito-core-3.3.3.jar;C:\Users\javacloudmc498\.m2\repository\net\bytebuddy\byte-buddy\1.10.18\byte-buddy-1.10.18.jar;C:\Users\javacloudmc498\.m2\repository\net\bytebuddy\byte-buddy-agent\1.10.18\byte-buddy-agent-1.10.18.jar;C:\Users\javacloudmc498\.m2\repository\org\objenesis\objenesis\2.6\objenesis-2.6.jar;C:\Users\javacloudmc498\.m2\repository\org\mockito\mockito-junit-jupiter\3.3.3\mockito-junit-jupiter-3.3.3.jar;C:\Users\javacloudmc498\.m2\repository\org\skyscreamer\jsonassert\1.5.0\jsonassert-1.5.0.jar;C:\Users\javacloudmc498\.m2\repository\com\vaadin\external\google\android-json\0.0.20131108.vaadin1\android-json-0.0.20131108.vaadin1.jar;C:\Users\javacloudmc498\.m2\repository\org\springframework\spring-core\5.2.11.RELEASE\spring-core-5.2.11.RELEASE.jar;C:\Users\javacloudmc498\.m2\repository\org\springframework\spring-jcl\5.2.11.RELEASE\spring-jcl-5.2.11.RELEASE.jar;C:\Users\javacloudmc498\.m2\repository\org\springframework\spring-test\5.2.11.RELEASE\spring-test-5.2.11.RELEASE.jar;C:\Users\javacloudmc498\.m2\repository\org\xmlunit\xmlunit-core\2.7.0\xmlunit-core-2.7.0.jar;C:\Users\javacloudmc498\.m2\repository\org\springframework\boot\spring-boot-starter\2.3.6.RELEASE\spring-boot-starter-2.3.6.RELEASE.jar;C:\Users\javacloudmc498\.m2\repository\org\springframework\boot\spring-boot\2.3.6.RELEASE\spring-boot-2.3.6.RELEASE.jar;C:\Users\javacloudmc498\.m2\repository\org\springframework\spring-context\5.2.11.RELEASE\spring-context-5.2.11.RELEASE.jar;C:\Users\javacloudmc498\.m2\repository\org\springframework\boot\spring-boot-autoconfigure\2.3.6.RELEASE\spring-boot-autoconfigure-2.3.6.RELEASE.jar;C:\Users\javacloudmc498\.m2\repository\org\springframework\boot\spring-boot-starter-logging\2.3.6.RELEASE\spring-boot-starter-logging-2.3.6.RELEASE.jar;C:\Users\javacloudmc498\.m2\repository\ch\qos\logback\logback-classic\1.2.3\logback-classic-1.2.3.jar;C:\Users\javacloudmc498\.m2\repository\ch\qos\logback\logback-core\1.2.3\logback-core-1.2.3.jar;C:\Users\javacloudmc498\.m2\repository\org\apache\logging\log4j\log4j-to-slf4j\2.13.3\log4j-to-slf4j-2.13.3.jar;C:\Users\javacloudmc498\.m2\repository\org\apache\logging\log4j\log4j-api\2.13.3\log4j-api-2.13.3.jar;C:\Users\javacloudmc498\.m2\repository\org\slf4j\jul-to-slf4j\1.7.30\jul-to-slf4j-1.7.30.jar;C:\Users\javacloudmc498\.m2\repository\jakarta\annotation\jakarta.annotation-api\1.3.5\jakarta.annotation-api-1.3.5.jar;C:\Users\javacloudmc498\.m2\repository\org\yaml\snakeyaml\1.26\snakeyaml-1.26.jar;C:\Users\javacloudmc498\.m2\repository\org\springframework\boot\spring-boot-devtools\2.3.6.RELEASE\spring-boot-devtools-2.3.6.RELEASE.jar;C:\Users\javacloudmc498\.m2\repository\org\springframework\boot\spring-boot-starter-web\2.3.6.RELEASE\spring-boot-starter-web-2.3.6.RELEASE.jar;C:\Users\javacloudmc498\.m2\repository\org\springframework\boot\spring-boot-starter-json\2.3.6.RELEASE\spring-boot-starter-json-2.3.6.RELEASE.jar;C:\Users\javacloudmc498\.m2\repository\com\fasterxml\jackson\core\jackson-databind\2.11.3\jackson-databind-2.11.3.jar;C:\Users\javacloudmc498\.m2\repository\com\fasterxml\jackson\datatype\jackson-datatype-jdk8\2.11.3\jackson-datatype-jdk8-2.11.3.jar;C:\Users\javacloudmc498\.m2\repository\com\fasterxml\jackson\datatype\jackson-datatype-jsr310\2.11.3\jackson-datatype-jsr310-2.11.3.jar;C:\Users\javacloudmc498\.m2\repository\com\fasterxml\jackson\module\jackson-module-parameter-names\2.11.3\jackson-module-parameter-names-2.11.3.jar;C:\Users\javacloudmc498\.m2\repository\org\springframework\boot\spring-boot-starter-tomcat\2.3.6.RELEASE\spring-boot-starter-tomcat-2.3.6.RELEASE.jar;C:\Users\javacloudmc498\.m2\repository\org\apache\tomcat\embed\tomcat-embed-core\9.0.39\tomcat-embed-core-9.0.39.jar;C:\Users\javacloudmc498\.m2\repository\org\glassfish\jakarta.el\3.0.3\jakarta.el-3.0.3.jar;C:\Users\javacloudmc498\.m2\repository\org\apache\tomcat\embed\tomcat-embed-websocket\9.0.39\tomcat-embed-websocket-9.0.39.jar;C:\Users\javacloudmc498\.m2\repository\org\springframework\spring-web\5.2.11.RELEASE\spring-web-5.2.11.RELEASE.jar;C:\Users\javacloudmc498\.m2\repository\org\springframework\spring-beans\5.2.11.RELEASE\spring-beans-5.2.11.RELEASE.jar;C:\Users\javacloudmc498\.m2\repository\org\springframework\spring-webmvc\5.2.11.RELEASE\spring-webmvc-5.2.11.RELEASE.jar;C:\Users\javacloudmc498\.m2\repository\org\springframework\spring-aop\5.2.11.RELEASE\spring-aop-5.2.11.RELEASE.jar;C:\Users\javacloudmc498\.m2\repository\org\springframework\spring-expression\5.2.11.RELEASE\spring-expression-5.2.11.RELEASE.jar;C:\Users\javacloudmc498\.m2\repository\org\springframework\cloud\spring-cloud-starter-netflix-eureka-client\2.2.3.RELEASE\spring-cloud-starter-netflix-eureka-client-2.2.3.RELEASE.jar;C:\Users\javacloudmc498\.m2\repository\org\springframework\cloud\spring-cloud-netflix-hystrix\2.2.3.RELEASE\spring-cloud-netflix-hystrix-2.2.3.RELEASE.jar;C:\Users\javacloudmc498\.m2\repository\org\springframework\boot\spring-boot-starter-aop\2.3.6.RELEASE\spring-boot-starter-aop-2.3.6.RELEASE.jar;C:\Users\javacloudmc498\.m2\repository\org\springframework\cloud\spring-cloud-netflix-eureka-client\2.2.3.RELEASE\spring-cloud-netflix-eureka-client-2.2.3.RELEASE.jar;C:\Users\javacloudmc498\.m2\repository\com\netflix\eureka\eureka-client\1.9.21\eureka-client-1.9.21.jar;C:\Users\javacloudmc498\.m2\repository\org\codehaus\jettison\jettison\1.3.7\jettison-1.3.7.jar;C:\Users\javacloudmc498\.m2\repository\stax\stax-api\1.0.1\stax-api-1.0.1.jar;C:\Users\javacloudmc498\.m2\repository\com\netflix\netflix-commons\netflix-eventbus\0.3.0\netflix-eventbus-0.3.0.jar;C:\Users\javacloudmc498\.m2\repository\com\netflix\netflix-commons\netflix-infix\0.3.0\netflix-infix-0.3.0.jar;C:\Users\javacloudmc498\.m2\repository\commons-jxpath\commons-jxpath\1.3\commons-jxpath-1.3.jar;C:\Users\javacloudmc498\.m2\repository\joda-time\joda-time\2.3\joda-time-2.3.jar;C:\Users\javacloudmc498\.m2\repository\org\antlr\antlr-runtime\3.4\antlr-runtime-3.4.jar;C:\Users\javacloudmc498\.m2\repository\org\antlr\stringtemplate\3.2.1\stringtemplate-3.2.1.jar;C:\Users\javacloudmc498\.m2\repository\antlr\antlr\2.7.7\antlr-2.7.7.jar;C:\Users\javacloudmc498\.m2\repository\com\google\code\gson\gson\2.8.6\gson-2.8.6.jar;C:\Users\javacloudmc498\.m2\repository\org\apache\commons\commons-math\2.2\commons-math-2.2.jar;C:\Users\javacloudmc498\.m2\repository\javax\ws\rs\jsr311-api\1.1.1\jsr311-api-1.1.1.jar;C:\Users\javacloudmc498\.m2\repository\com\sun\jersey\jersey-core\1.19.1\jersey-core-1.19.1.jar;C:\Users\javacloudmc498\.m2\repository\com\sun\jersey\jersey-client\1.19.1\jersey-client-1.19.1.jar;C:\Users\javacloudmc498\.m2\repository\com\sun\jersey\contribs\jersey-apache-client4\1.19.1\jersey-apache-client4-1.19.1.jar;C:\Users\javacloudmc498\.m2\repository\com\google\inject\guice\4.1.0\guice-4.1.0.jar;C:\Users\javacloudmc498\.m2\repository\aopalliance\aopalliance\1.0\aopalliance-1.0.jar;C:\Users\javacloudmc498\.m2\repository\com\fasterxml\jackson\core\jackson-annotations\2.11.3\jackson-annotations-2.11.3.jar;C:\Users\javacloudmc498\.m2\repository\com\fasterxml\jackson\core\jackson-core\2.11.3\jackson-core-2.11.3.jar;C:\Users\javacloudmc498\.m2\repository\com\fasterxml\jackson\dataformat\jackson-dataformat-xml\2.11.3\jackson-dataformat-xml-2.11.3.jar;C:\Users\javacloudmc498\.m2\repository\com\fasterxml\jackson\module\jackson-module-jaxb-annotations\2.11.3\jackson-module-jaxb-annotations-2.11.3.jar;C:\Users\javacloudmc498\.m2\repository\org\codehaus\woodstox\stax2-api\4.2.1\stax2-api-4.2.1.jar;C:\Users\javacloudmc498\.m2\repository\com\fasterxml\woodstox\woodstox-core\5.3.0\woodstox-core-5.3.0.jar;C:\Users\javacloudmc498\.m2\repository\com\netflix\eureka\eureka-core\1.9.21\eureka-core-1.9.21.jar;C:\Users\javacloudmc498\.m2\repository\org\springframework\cloud\spring-cloud-starter-loadbalancer\2.2.3.RELEASE\spring-cloud-starter-loadbalancer-2.2.3.RELEASE.jar;C:\Users\javacloudmc498\.m2\repository\org\springframework\cloud\spring-cloud-loadbalancer\2.2.3.RELEASE\spring-cloud-loadbalancer-2.2.3.RELEASE.jar;C:\Users\javacloudmc498\.m2\repository\org\springframework\boot\spring-boot-starter-validation\2.3.6.RELEASE\spring-boot-starter-validation-2.3.6.RELEASE.jar;C:\Users\javacloudmc498\.m2\repository\org\hibernate\validator\hibernate-validator\6.1.6.Final\hibernate-validator-6.1.6.Final.jar;C:\Users\javacloudmc498\.m2\repository\jakarta\validation\jakarta.validation-api\2.0.2\jakarta.validation-api-2.0.2.jar;C:\Users\javacloudmc498\.m2\repository\org\jboss\logging\jboss-logging\3.4.1.Final\jboss-logging-3.4.1.Final.jar;C:\Users\javacloudmc498\.m2\repository\com\fasterxml\classmate\1.5.1\classmate-1.5.1.jar;C:\Users\javacloudmc498\.m2\repository\io\projectreactor\reactor-core\3.3.11.RELEASE\reactor-core-3.3.11.RELEASE.jar;C:\Users\javacloudmc498\.m2\repository\io\projectreactor\addons\reactor-extra\3.3.4.RELEASE\reactor-extra-3.3.4.RELEASE.jar;C:\Users\javacloudmc498\.m2\repository\org\springframework\boot\spring-boot-starter-cache\2.3.6.RELEASE\spring-boot-starter-cache-2.3.6.RELEASE.jar;C:\Users\javacloudmc498\.m2\repository\org\springframework\spring-context-support\5.2.11.RELEASE\spring-context-support-5.2.11.RELEASE.jar;C:\Users\javacloudmc498\.m2\repository\com\stoyanr\evictor\1.0.0\evictor-1.0.0.jar;C:\Users\javacloudmc498\.m2\repository\com\netflix\ribbon\ribbon-eureka\2.3.0\ribbon-eureka-2.3.0.jar;C:\Users\javacloudmc498\.m2\repository\com\thoughtworks\xstream\xstream\1.4.11.1\xstream-1.4.11.1.jar;C:\Users\javacloudmc498\.m2\repository\xmlpull\xmlpull\1.1.3.1\xmlpull-1.1.3.1.jar;C:\Users\javacloudmc498\.m2\repository\xpp3\xpp3_min\1.1.4c\xpp3_min-1.1.4c.jar;"/>
    <property name="java.vm.vendor" value="Oracle Corporation"/>
    <property name="sun.arch.data.model" value="64"/>
    <property name="user.variant" value=""/>
    <property name="java.vendor.url" value="https://java.oracle.com/"/>
    <property name="user.timezone" value="America/New_York"/>
    <property name="os.name" value="Windows 10"/>
    <property name="java.vm.specification.version" value="14"/>
    <property name="sun.java.launcher" value="SUN_STANDARD"/>
    <property name="user.country" value="IN"/>
    <property name="sun.boot.library.path" value="C:\Users\javacloudmc498\Desktop\sts-4.8.0.RELEASE\plugins\org.eclipse.justj.openjdk.hotspot.jre.full.win32.x86_64_14.0.2.v20200815-0932\jre\bin"/>
    <property name="sun.java.command" value="C:\Users\JAVACL~1\AppData\Local\Temp\surefire81639177408541470\surefirebooter16078615320471187979.jar C:\Users\javacloudmc498\AppData\Local\Temp\surefire81639177408541470 2020-11-27T12-09-23_650-jvmRun1 surefire4268878912858323588tmp surefire_05573195689247477992tmp"/>
    <property name="jdk.debug" value="release"/>
    <property name="surefire.test.class.path" value="C:\MicroCredentiaPrg\GatewayService\target\test-classes;C:\MicroCredentiaPrg\GatewayService\target\classes;C:\Users\javacloudmc498\.m2\repository\org\springframework\cloud\spring-cloud-starter-netflix-zuul\2.2.3.RELEASE\spring-cloud-starter-netflix-zuul-2.2.3.RELEASE.jar;C:\Users\javacloudmc498\.m2\repository\org\springframework\cloud\spring-cloud-netflix-zuul\2.2.3.RELEASE\spring-cloud-netflix-zuul-2.2.3.RELEASE.jar;C:\Users\javacloudmc498\.m2\repository\org\apache\httpcomponents\httpclient\4.5.13\httpclient-4.5.13.jar;C:\Users\javacloudmc498\.m2\repository\org\apache\httpcomponents\httpcore\4.4.13\httpcore-4.4.13.jar;C:\Users\javacloudmc498\.m2\repository\commons-codec\commons-codec\1.14\commons-codec-1.14.jar;C:\Users\javacloudmc498\.m2\repository\com\netflix\netflix-commons\netflix-commons-util\0.3.0\netflix-commons-util-0.3.0.jar;C:\Users\javacloudmc498\.m2\repository\javax\inject\javax.inject\1\javax.inject-1.jar;C:\Users\javacloudmc498\.m2\repository\org\springframework\cloud\spring-cloud-starter\2.2.3.RELEASE\spring-cloud-starter-2.2.3.RELEASE.jar;C:\Users\javacloudmc498\.m2\repository\org\springframework\cloud\spring-cloud-context\2.2.3.RELEASE\spring-cloud-context-2.2.3.RELEASE.jar;C:\Users\javacloudmc498\.m2\repository\org\springframework\security\spring-security-crypto\5.3.5.RELEASE\spring-security-crypto-5.3.5.RELEASE.jar;C:\Users\javacloudmc498\.m2\repository\org\springframework\cloud\spring-cloud-commons\2.2.3.RELEASE\spring-cloud-commons-2.2.3.RELEASE.jar;C:\Users\javacloudmc498\.m2\repository\org\springframework\security\spring-security-rsa\1.0.9.RELEASE\spring-security-rsa-1.0.9.RELEASE.jar;C:\Users\javacloudmc498\.m2\repository\org\bouncycastle\bcpkix-jdk15on\1.64\bcpkix-jdk15on-1.64.jar;C:\Users\javacloudmc498\.m2\repository\org\bouncycastle\bcprov-jdk15on\1.64\bcprov-jdk15on-1.64.jar;C:\Users\javacloudmc498\.m2\repository\org\springframework\boot\spring-boot-starter-actuator\2.3.6.RELEASE\spring-boot-starter-actuator-2.3.6.RELEASE.jar;C:\Users\javacloudmc498\.m2\repository\org\springframework\boot\spring-boot-actuator-autoconfigure\2.3.6.RELEASE\spring-boot-actuator-autoconfigure-2.3.6.RELEASE.jar;C:\Users\javacloudmc498\.m2\repository\org\springframework\boot\spring-boot-actuator\2.3.6.RELEASE\spring-boot-actuator-2.3.6.RELEASE.jar;C:\Users\javacloudmc498\.m2\repository\io\micrometer\micrometer-core\1.5.7\micrometer-core-1.5.7.jar;C:\Users\javacloudmc498\.m2\repository\org\hdrhistogram\HdrHistogram\2.1.12\HdrHistogram-2.1.12.jar;C:\Users\javacloudmc498\.m2\repository\org\latencyutils\LatencyUtils\2.0.3\LatencyUtils-2.0.3.jar;C:\Users\javacloudmc498\.m2\repository\org\springframework\cloud\spring-cloud-starter-netflix-hystrix\2.2.3.RELEASE\spring-cloud-starter-netflix-hystrix-2.2.3.RELEASE.jar;C:\Users\javacloudmc498\.m2\repository\org\springframework\cloud\spring-cloud-netflix-ribbon\2.2.3.RELEASE\spring-cloud-netflix-ribbon-2.2.3.RELEASE.jar;C:\Users\javacloudmc498\.m2\repository\com\netflix\hystrix\hystrix-core\1.5.18\hystrix-core-1.5.18.jar;C:\Users\javacloudmc498\.m2\repository\com\netflix\hystrix\hystrix-serialization\1.5.18\hystrix-serialization-1.5.18.jar;C:\Users\javacloudmc498\.m2\repository\com\fasterxml\jackson\module\jackson-module-afterburner\2.11.3\jackson-module-afterburner-2.11.3.jar;C:\Users\javacloudmc498\.m2\repository\com\netflix\hystrix\hystrix-metrics-event-stream\1.5.18\hystrix-metrics-event-stream-1.5.18.jar;C:\Users\javacloudmc498\.m2\repository\com\netflix\hystrix\hystrix-javanica\1.5.18\hystrix-javanica-1.5.18.jar;C:\Users\javacloudmc498\.m2\repository\org\apache\commons\commons-lang3\3.10\commons-lang3-3.10.jar;C:\Users\javacloudmc498\.m2\repository\org\ow2\asm\asm\5.0.4\asm-5.0.4.jar;C:\Users\javacloudmc498\.m2\repository\org\aspectj\aspectjweaver\1.9.6\aspectjweaver-1.9.6.jar;C:\Users\javacloudmc498\.m2\repository\com\google\guava\guava\29.0-android\guava-29.0-android.jar;C:\Users\javacloudmc498\.m2\repository\com\google\guava\failureaccess\1.0.1\failureaccess-1.0.1.jar;C:\Users\javacloudmc498\.m2\repository\com\google\guava\listenablefuture\9999.0-empty-to-avoid-conflict-with-guava\listenablefuture-9999.0-empty-to-avoid-conflict-with-guava.jar;C:\Users\javacloudmc498\.m2\repository\org\checkerframework\checker-compat-qual\2.5.5\checker-compat-qual-2.5.5.jar;C:\Users\javacloudmc498\.m2\repository\com\google\errorprone\error_prone_annotations\2.3.4\error_prone_annotations-2.3.4.jar;C:\Users\javacloudmc498\.m2\repository\com\google\j2objc\j2objc-annotations\1.3\j2objc-annotations-1.3.jar;C:\Users\javacloudmc498\.m2\repository\io\reactivex\rxjava-reactive-streams\1.2.1\rxjava-reactive-streams-1.2.1.jar;C:\Users\javacloudmc498\.m2\repository\org\reactivestreams\reactive-streams\1.0.3\reactive-streams-1.0.3.jar;C:\Users\javacloudmc498\.m2\repository\org\springframework\cloud\spring-cloud-starter-netflix-ribbon\2.2.3.RELEASE\spring-cloud-starter-netflix-ribbon-2.2.3.RELEASE.jar;C:\Users\javacloudmc498\.m2\repository\com\netflix\ribbon\ribbon\2.3.0\ribbon-2.3.0.jar;C:\Users\javacloudmc498\.m2\repository\com\netflix\ribbon\ribbon-transport\2.3.0\ribbon-transport-2.3.0.jar;C:\Users\javacloudmc498\.m2\repository\io\reactivex\rxnetty-contexts\0.4.9\rxnetty-contexts-0.4.9.jar;C:\Users\javacloudmc498\.m2\repository\io\reactivex\rxnetty-servo\0.4.9\rxnetty-servo-0.4.9.jar;C:\Users\javacloudmc498\.m2\repository\io\reactivex\rxnetty\0.4.9\rxnetty-0.4.9.jar;C:\Users\javacloudmc498\.m2\repository\com\netflix\ribbon\ribbon-core\2.3.0\ribbon-core-2.3.0.jar;C:\Users\javacloudmc498\.m2\repository\commons-lang\commons-lang\2.6\commons-lang-2.6.jar;C:\Users\javacloudmc498\.m2\repository\com\netflix\ribbon\ribbon-httpclient\2.3.0\ribbon-httpclient-2.3.0.jar;C:\Users\javacloudmc498\.m2\repository\commons-collections\commons-collections\3.2.2\commons-collections-3.2.2.jar;C:\Users\javacloudmc498\.m2\repository\com\netflix\ribbon\ribbon-loadbalancer\2.3.0\ribbon-loadbalancer-2.3.0.jar;C:\Users\javacloudmc498\.m2\repository\com\netflix\netflix-commons\netflix-statistics\0.1.1\netflix-statistics-0.1.1.jar;C:\Users\javacloudmc498\.m2\repository\io\reactivex\rxjava\1.3.8\rxjava-1.3.8.jar;C:\Users\javacloudmc498\.m2\repository\org\springframework\cloud\spring-cloud-starter-netflix-archaius\2.2.3.RELEASE\spring-cloud-starter-netflix-archaius-2.2.3.RELEASE.jar;C:\Users\javacloudmc498\.m2\repository\org\springframework\cloud\spring-cloud-netflix-archaius\2.2.3.RELEASE\spring-cloud-netflix-archaius-2.2.3.RELEASE.jar;C:\Users\javacloudmc498\.m2\repository\com\netflix\archaius\archaius-core\0.7.6\archaius-core-0.7.6.jar;C:\Users\javacloudmc498\.m2\repository\com\google\code\findbugs\jsr305\3.0.1\jsr305-3.0.1.jar;C:\Users\javacloudmc498\.m2\repository\commons-configuration\commons-configuration\1.8\commons-configuration-1.8.jar;C:\Users\javacloudmc498\.m2\repository\com\netflix\zuul\zuul-core\1.3.1\zuul-core-1.3.1.jar;C:\Users\javacloudmc498\.m2\repository\commons-io\commons-io\2.4\commons-io-2.4.jar;C:\Users\javacloudmc498\.m2\repository\org\slf4j\slf4j-api\1.7.30\slf4j-api-1.7.30.jar;C:\Users\javacloudmc498\.m2\repository\com\netflix\servo\servo-core\0.12.21\servo-core-0.12.21.jar;C:\Users\javacloudmc498\.m2\repository\org\springframework\boot\spring-boot-starter-test\2.3.6.RELEASE\spring-boot-starter-test-2.3.6.RELEASE.jar;C:\Users\javacloudmc498\.m2\repository\org\springframework\boot\spring-boot-test\2.3.6.RELEASE\spring-boot-test-2.3.6.RELEASE.jar;C:\Users\javacloudmc498\.m2\repository\org\springframework\boot\spring-boot-test-autoconfigure\2.3.6.RELEASE\spring-boot-test-autoconfigure-2.3.6.RELEASE.jar;C:\Users\javacloudmc498\.m2\repository\com\jayway\jsonpath\json-path\2.4.0\json-path-2.4.0.jar;C:\Users\javacloudmc498\.m2\repository\net\minidev\json-smart\2.3\json-smart-2.3.jar;C:\Users\javacloudmc498\.m2\repository\net\minidev\accessors-smart\1.2\accessors-smart-1.2.jar;C:\Users\javacloudmc498\.m2\repository\jakarta\xml\bind\jakarta.xml.bind-api\2.3.3\jakarta.xml.bind-api-2.3.3.jar;C:\Users\javacloudmc498\.m2\repository\jakarta\activation\jakarta.activation-api\1.2.2\jakarta.activation-api-1.2.2.jar;C:\Users\javacloudmc498\.m2\repository\org\assertj\assertj-core\3.16.1\assertj-core-3.16.1.jar;C:\Users\javacloudmc498\.m2\repository\org\hamcrest\hamcrest\2.2\hamcrest-2.2.jar;C:\Users\javacloudmc498\.m2\repository\org\junit\jupiter\junit-jupiter\5.6.3\junit-jupiter-5.6.3.jar;C:\Users\javacloudmc498\.m2\repository\org\junit\jupiter\junit-jupiter-api\5.6.3\junit-jupiter-api-5.6.3.jar;C:\Users\javacloudmc498\.m2\repository\org\apiguardian\apiguardian-api\1.1.0\apiguardian-api-1.1.0.jar;C:\Users\javacloudmc498\.m2\repository\org\opentest4j\opentest4j\1.2.0\opentest4j-1.2.0.jar;C:\Users\javacloudmc498\.m2\repository\org\junit\platform\junit-platform-commons\1.6.3\junit-platform-commons-1.6.3.jar;C:\Users\javacloudmc498\.m2\repository\org\junit\jupiter\junit-jupiter-params\5.6.3\junit-jupiter-params-5.6.3.jar;C:\Users\javacloudmc498\.m2\repository\org\junit\jupiter\junit-jupiter-engine\5.6.3\junit-jupiter-engine-5.6.3.jar;C:\Users\javacloudmc498\.m2\repository\org\junit\platform\junit-platform-engine\1.6.3\junit-platform-engine-1.6.3.jar;C:\Users\javacloudmc498\.m2\repository\org\mockito\mockito-core\3.3.3\mockito-core-3.3.3.jar;C:\Users\javacloudmc498\.m2\repository\net\bytebuddy\byte-buddy\1.10.18\byte-buddy-1.10.18.jar;C:\Users\javacloudmc498\.m2\repository\net\bytebuddy\byte-buddy-agent\1.10.18\byte-buddy-agent-1.10.18.jar;C:\Users\javacloudmc498\.m2\repository\org\objenesis\objenesis\2.6\objenesis-2.6.jar;C:\Users\javacloudmc498\.m2\repository\org\mockito\mockito-junit-jupiter\3.3.3\mockito-junit-jupiter-3.3.3.jar;C:\Users\javacloudmc498\.m2\repository\org\skyscreamer\jsonassert\1.5.0\jsonassert-1.5.0.jar;C:\Users\javacloudmc498\.m2\repository\com\vaadin\external\google\android-json\0.0.20131108.vaadin1\android-json-0.0.20131108.vaadin1.jar;C:\Users\javacloudmc498\.m2\repository\org\springframework\spring-core\5.2.11.RELEASE\spring-core-5.2.11.RELEASE.jar;C:\Users\javacloudmc498\.m2\repository\org\springframework\spring-jcl\5.2.11.RELEASE\spring-jcl-5.2.11.RELEASE.jar;C:\Users\javacloudmc498\.m2\repository\org\springframework\spring-test\5.2.11.RELEASE\spring-test-5.2.11.RELEASE.jar;C:\Users\javacloudmc498\.m2\repository\org\xmlunit\xmlunit-core\2.7.0\xmlunit-core-2.7.0.jar;C:\Users\javacloudmc498\.m2\repository\org\springframework\boot\spring-boot-starter\2.3.6.RELEASE\spring-boot-starter-2.3.6.RELEASE.jar;C:\Users\javacloudmc498\.m2\repository\org\springframework\boot\spring-boot\2.3.6.RELEASE\spring-boot-2.3.6.RELEASE.jar;C:\Users\javacloudmc498\.m2\repository\org\springframework\spring-context\5.2.11.RELEASE\spring-context-5.2.11.RELEASE.jar;C:\Users\javacloudmc498\.m2\repository\org\springframework\boot\spring-boot-autoconfigure\2.3.6.RELEASE\spring-boot-autoconfigure-2.3.6.RELEASE.jar;C:\Users\javacloudmc498\.m2\repository\org\springframework\boot\spring-boot-starter-logging\2.3.6.RELEASE\spring-boot-starter-logging-2.3.6.RELEASE.jar;C:\Users\javacloudmc498\.m2\repository\ch\qos\logback\logback-classic\1.2.3\logback-classic-1.2.3.jar;C:\Users\javacloudmc498\.m2\repository\ch\qos\logback\logback-core\1.2.3\logback-core-1.2.3.jar;C:\Users\javacloudmc498\.m2\repository\org\apache\logging\log4j\log4j-to-slf4j\2.13.3\log4j-to-slf4j-2.13.3.jar;C:\Users\javacloudmc498\.m2\repository\org\apache\logging\log4j\log4j-api\2.13.3\log4j-api-2.13.3.jar;C:\Users\javacloudmc498\.m2\repository\org\slf4j\jul-to-slf4j\1.7.30\jul-to-slf4j-1.7.30.jar;C:\Users\javacloudmc498\.m2\repository\jakarta\annotation\jakarta.annotation-api\1.3.5\jakarta.annotation-api-1.3.5.jar;C:\Users\javacloudmc498\.m2\repository\org\yaml\snakeyaml\1.26\snakeyaml-1.26.jar;C:\Users\javacloudmc498\.m2\repository\org\springframework\boot\spring-boot-devtools\2.3.6.RELEASE\spring-boot-devtools-2.3.6.RELEASE.jar;C:\Users\javacloudmc498\.m2\repository\org\springframework\boot\spring-boot-starter-web\2.3.6.RELEASE\spring-boot-starter-web-2.3.6.RELEASE.jar;C:\Users\javacloudmc498\.m2\repository\org\springframework\boot\spring-boot-starter-json\2.3.6.RELEASE\spring-boot-starter-json-2.3.6.RELEASE.jar;C:\Users\javacloudmc498\.m2\repository\com\fasterxml\jackson\core\jackson-databind\2.11.3\jackson-databind-2.11.3.jar;C:\Users\javacloudmc498\.m2\repository\com\fasterxml\jackson\datatype\jackson-datatype-jdk8\2.11.3\jackson-datatype-jdk8-2.11.3.jar;C:\Users\javacloudmc498\.m2\repository\com\fasterxml\jackson\datatype\jackson-datatype-jsr310\2.11.3\jackson-datatype-jsr310-2.11.3.jar;C:\Users\javacloudmc498\.m2\repository\com\fasterxml\jackson\module\jackson-module-parameter-names\2.11.3\jackson-module-parameter-names-2.11.3.jar;C:\Users\javacloudmc498\.m2\repository\org\springframework\boot\spring-boot-starter-tomcat\2.3.6.RELEASE\spring-boot-starter-tomcat-2.3.6.RELEASE.jar;C:\Users\javacloudmc498\.m2\repository\org\apache\tomcat\embed\tomcat-embed-core\9.0.39\tomcat-embed-core-9.0.39.jar;C:\Users\javacloudmc498\.m2\repository\org\glassfish\jakarta.el\3.0.3\jakarta.el-3.0.3.jar;C:\Users\javacloudmc498\.m2\repository\org\apache\tomcat\embed\tomcat-embed-websocket\9.0.39\tomcat-embed-websocket-9.0.39.jar;C:\Users\javacloudmc498\.m2\repository\org\springframework\spring-web\5.2.11.RELEASE\spring-web-5.2.11.RELEASE.jar;C:\Users\javacloudmc498\.m2\repository\org\springframework\spring-beans\5.2.11.RELEASE\spring-beans-5.2.11.RELEASE.jar;C:\Users\javacloudmc498\.m2\repository\org\springframework\spring-webmvc\5.2.11.RELEASE\spring-webmvc-5.2.11.RELEASE.jar;C:\Users\javacloudmc498\.m2\repository\org\springframework\spring-aop\5.2.11.RELEASE\spring-aop-5.2.11.RELEASE.jar;C:\Users\javacloudmc498\.m2\repository\org\springframework\spring-expression\5.2.11.RELEASE\spring-expression-5.2.11.RELEASE.jar;C:\Users\javacloudmc498\.m2\repository\org\springframework\cloud\spring-cloud-starter-netflix-eureka-client\2.2.3.RELEASE\spring-cloud-starter-netflix-eureka-client-2.2.3.RELEASE.jar;C:\Users\javacloudmc498\.m2\repository\org\springframework\cloud\spring-cloud-netflix-hystrix\2.2.3.RELEASE\spring-cloud-netflix-hystrix-2.2.3.RELEASE.jar;C:\Users\javacloudmc498\.m2\repository\org\springframework\boot\spring-boot-starter-aop\2.3.6.RELEASE\spring-boot-starter-aop-2.3.6.RELEASE.jar;C:\Users\javacloudmc498\.m2\repository\org\springframework\cloud\spring-cloud-netflix-eureka-client\2.2.3.RELEASE\spring-cloud-netflix-eureka-client-2.2.3.RELEASE.jar;C:\Users\javacloudmc498\.m2\repository\com\netflix\eureka\eureka-client\1.9.21\eureka-client-1.9.21.jar;C:\Users\javacloudmc498\.m2\repository\org\codehaus\jettison\jettison\1.3.7\jettison-1.3.7.jar;C:\Users\javacloudmc498\.m2\repository\stax\stax-api\1.0.1\stax-api-1.0.1.jar;C:\Users\javacloudmc498\.m2\repository\com\netflix\netflix-commons\netflix-eventbus\0.3.0\netflix-eventbus-0.3.0.jar;C:\Users\javacloudmc498\.m2\repository\com\netflix\netflix-commons\netflix-infix\0.3.0\netflix-infix-0.3.0.jar;C:\Users\javacloudmc498\.m2\repository\commons-jxpath\commons-jxpath\1.3\commons-jxpath-1.3.jar;C:\Users\javacloudmc498\.m2\repository\joda-time\joda-time\2.3\joda-time-2.3.jar;C:\Users\javacloudmc498\.m2\repository\org\antlr\antlr-runtime\3.4\antlr-runtime-3.4.jar;C:\Users\javacloudmc498\.m2\repository\org\antlr\stringtemplate\3.2.1\stringtemplate-3.2.1.jar;C:\Users\javacloudmc498\.m2\repository\antlr\antlr\2.7.7\antlr-2.7.7.jar;C:\Users\javacloudmc498\.m2\repository\com\google\code\gson\gson\2.8.6\gson-2.8.6.jar;C:\Users\javacloudmc498\.m2\repository\org\apache\commons\commons-math\2.2\commons-math-2.2.jar;C:\Users\javacloudmc498\.m2\repository\javax\ws\rs\jsr311-api\1.1.1\jsr311-api-1.1.1.jar;C:\Users\javacloudmc498\.m2\repository\com\sun\jersey\jersey-core\1.19.1\jersey-core-1.19.1.jar;C:\Users\javacloudmc498\.m2\repository\com\sun\jersey\jersey-client\1.19.1\jersey-client-1.19.1.jar;C:\Users\javacloudmc498\.m2\repository\com\sun\jersey\contribs\jersey-apache-client4\1.19.1\jersey-apache-client4-1.19.1.jar;C:\Users\javacloudmc498\.m2\repository\com\google\inject\guice\4.1.0\guice-4.1.0.jar;C:\Users\javacloudmc498\.m2\repository\aopalliance\aopalliance\1.0\aopalliance-1.0.jar;C:\Users\javacloudmc498\.m2\repository\com\fasterxml\jackson\core\jackson-annotations\2.11.3\jackson-annotations-2.11.3.jar;C:\Users\javacloudmc498\.m2\repository\com\fasterxml\jackson\core\jackson-core\2.11.3\jackson-core-2.11.3.jar;C:\Users\javacloudmc498\.m2\repository\com\fasterxml\jackson\dataformat\jackson-dataformat-xml\2.11.3\jackson-dataformat-xml-2.11.3.jar;C:\Users\javacloudmc498\.m2\repository\com\fasterxml\jackson\module\jackson-module-jaxb-annotations\2.11.3\jackson-module-jaxb-annotations-2.11.3.jar;C:\Users\javacloudmc498\.m2\repository\org\codehaus\woodstox\stax2-api\4.2.1\stax2-api-4.2.1.jar;C:\Users\javacloudmc498\.m2\repository\com\fasterxml\woodstox\woodstox-core\5.3.0\woodstox-core-5.3.0.jar;C:\Users\javacloudmc498\.m2\repository\com\netflix\eureka\eureka-core\1.9.21\eureka-core-1.9.21.jar;C:\Users\javacloudmc498\.m2\repository\org\springframework\cloud\spring-cloud-starter-loadbalancer\2.2.3.RELEASE\spring-cloud-starter-loadbalancer-2.2.3.RELEASE.jar;C:\Users\javacloudmc498\.m2\repository\org\springframework\cloud\spring-cloud-loadbalancer\2.2.3.RELEASE\spring-cloud-loadbalancer-2.2.3.RELEASE.jar;C:\Users\javacloudmc498\.m2\repository\org\springframework\boot\spring-boot-starter-validation\2.3.6.RELEASE\spring-boot-starter-validation-2.3.6.RELEASE.jar;C:\Users\javacloudmc498\.m2\repository\org\hibernate\validator\hibernate-validator\6.1.6.Final\hibernate-validator-6.1.6.Final.jar;C:\Users\javacloudmc498\.m2\repository\jakarta\validation\jakarta.validation-api\2.0.2\jakarta.validation-api-2.0.2.jar;C:\Users\javacloudmc498\.m2\repository\org\jboss\logging\jboss-logging\3.4.1.Final\jboss-logging-3.4.1.Final.jar;C:\Users\javacloudmc498\.m2\repository\com\fasterxml\classmate\1.5.1\classmate-1.5.1.jar;C:\Users\javacloudmc498\.m2\repository\io\projectreactor\reactor-core\3.3.11.RELEASE\reactor-core-3.3.11.RELEASE.jar;C:\Users\javacloudmc498\.m2\repository\io\projectreactor\addons\reactor-extra\3.3.4.RELEASE\reactor-extra-3.3.4.RELEASE.jar;C:\Users\javacloudmc498\.m2\repository\org\springframework\boot\spring-boot-starter-cache\2.3.6.RELEASE\spring-boot-starter-cache-2.3.6.RELEASE.jar;C:\Users\javacloudmc498\.m2\repository\org\springframework\spring-context-support\5.2.11.RELEASE\spring-context-support-5.2.11.RELEASE.jar;C:\Users\javacloudmc498\.m2\repository\com\stoyanr\evictor\1.0.0\evictor-1.0.0.jar;C:\Users\javacloudmc498\.m2\repository\com\netflix\ribbon\ribbon-eureka\2.3.0\ribbon-eureka-2.3.0.jar;C:\Users\javacloudmc498\.m2\repository\com\thoughtworks\xstream\xstream\1.4.11.1\xstream-1.4.11.1.jar;C:\Users\javacloudmc498\.m2\repository\xmlpull\xmlpull\1.1.3.1\xmlpull-1.1.3.1.jar;C:\Users\javacloudmc498\.m2\repository\xpp3\xpp3_min\1.1.4c\xpp3_min-1.1.4c.jar;"/>
    <property name="sun.cpu.endian" value="little"/>
    <property name="user.home" value="C:\Users\javacloudmc498"/>
    <property name="user.language" value="en"/>
    <property name="java.specification.vendor" value="Oracle Corporation"/>
    <property name="java.version.date" value="2020-07-14"/>
    <property name="java.home" value="C:\Users\javacloudmc498\Desktop\sts-4.8.0.RELEASE\plugins\org.eclipse.justj.openjdk.hotspot.jre.full.win32.x86_64_14.0.2.v20200815-0932\jre"/>
    <property name="file.separator" value="\"/>
    <property name="style.color" value="always"/>
    <property name="basedir" value="C:\MicroCredentiaPrg\GatewayService"/>
    <property name="java.vm.compressedOopsMode" value="Zero based"/>
    <property name="line.separator" value="&#10;"/>
    <property name="java.vm.specification.vendor" value="Oracle Corporation"/>
    <property name="java.specification.name" value="Java Platform API Specification"/>
    <property name="surefire.real.class.path" value="C:\Users\JAVACL~1\AppData\Local\Temp\surefire81639177408541470\surefirebooter16078615320471187979.jar"/>
    <property name="user.script" value=""/>
    <property name="sun.management.compiler" value="HotSpot 64-Bit Tiered Compilers"/>
    <property name="java.runtime.version" value="14.0.2+12-46"/>
    <property name="user.name" value="javacloudmc498"/>
    <property name="path.separator" value=";"/>
    <property name="os.version" value="10.0"/>
    <property name="java.runtime.name" value="OpenJDK Runtime Environment"/>
    <property name="file.encoding" value="Cp1252"/>
    <property name="java.vm.name" value="OpenJDK 64-Bit Server VM"/>
    <property name="localRepository" value="C:\Users\javacloudmc498\.m2\repository"/>
    <property name="java.vendor.url.bug" value="https://bugreport.java.com/bugreport/"/>
    <property name="java.io.tmpdir" value="C:\Users\JAVACL~1\AppData\Local\Temp\"/>
    <property name="java.version" value="14.0.2"/>
    <property name="user.dir" value="C:\MicroCredentiaPrg\GatewayService"/>
    <property name="os.arch" value="amd64"/>
    <property name="java.vm.specification.name" value="Java Virtual Machine Specification"/>
    <property name="sun.os.patch.level" value=""/>
    <property name="java.library.path" value="C:\Users\javacloudmc498\Desktop\sts-4.8.0.RELEASE\plugins\org.eclipse.justj.openjdk.hotspot.jre.full.win32.x86_64_14.0.2.v20200815-0932\jre\bin;C:\Windows\Sun\Java\bin;C:\Windows\system32;C:\Windows;C:/Users/javacloudmc498/Desktop/sts-4.8.0.RELEASE//plugins/org.eclipse.justj.openjdk.hotspot.jre.full.win32.x86_64_14.0.2.v20200815-0932/jre/bin/server;C:/Users/javacloudmc498/Desktop/sts-4.8.0.RELEASE//plugins/org.eclipse.justj.openjdk.hotspot.jre.full.win32.x86_64_14.0.2.v20200815-0932/jre/bin;C:\Program Files (x86)\Python38-32\Scripts\;C:\Program Files (x86)\Python38-32\;C:\Program Files (x86)\Microsoft SDKs\Azure\CLI2\wbin;C:\Windows\system32;C:\Windows;C:\Windows\System32\Wbem;C:\Windows\System32\WindowsPowerShell\v1.0\;C:\Program Files\Citrix\System32\;C:\Program Files\Citrix\ICAService\;C:\Program Files\Citrix\Virtual Desktop Agent\;C:\Program Files\Java\jdk-11.0.7\bin;C:\Program Files\Amazon\AWSCLIV2\;C:\Program Files\Git\cmd;C:\Program Files\Microsoft VS Code\bin;D:\java\curl-7.68.0-win64-mingw\curl-7.68.0-win64-mingw\bin;C:\apache-maven-3.6.3\bin;D:\sonarqube-8.3.1.34397\bin;C:\Program Files\Cloud Foundry;C:\Program Files (x86)\Groovy\bin;C:\Program Files\nodejs\;C:\Program Files\terraform_0.12.28_windows_amd64;C:\ProgramData\chocolatey\bin;C:\Users\User\AppData\Roaming\npm\node_modules\@angular\cli\bin;C:\Users\User\AppData\Roaming\npm;C:\kafka_2.13-2.5.0\bin;C:\Users\javacloudmc498\AppData\Local\Microsoft\WindowsApps;;C:\Users\javacloudmc498\Desktop\sts-4.8.0.RELEASE;;."/>
    <property name="java.vm.info" value="mixed mode"/>
    <property name="java.vendor" value="Oracle Corporation"/>
    <property name="java.vm.version" value="14.0.2+12-46"/>
    <property name="sun.io.unicode.encoding" value="UnicodeLittle"/>
    <property name="java.class.version" value="58.0"/>
  </properties>
  <testcase name="com.example.demo.GatewayServiceApplicationTests" classname="com.example.demo.GatewayServiceApplicationTests" time="0.608">
    <error message="Unable to find a @SpringBootConfiguration, you need to use @ContextConfiguration or @SpringBootTest(classes=...) with your test" type="java.lang.IllegalStateException">java.lang.IllegalStateException: Unable to find a @SpringBootConfiguration, you need to use @ContextConfiguration or @SpringBootTest(classes=...) with your test
</error>
    <system-out><![CDATA[12:09:25.113 [main] DEBUG org.springframework.test.context.BootstrapUtils - Instantiating CacheAwareContextLoaderDelegate from class [org.springframework.test.context.cache.DefaultCacheAwareContextLoaderDelegate]
12:09:25.131 [main] DEBUG org.springframework.test.context.BootstrapUtils - Instantiating BootstrapContext using constructor [public org.springframework.test.context.support.DefaultBootstrapContext(java.lang.Class,org.springframework.test.context.CacheAwareContextLoaderDelegate)]
12:09:25.201 [main] DEBUG org.springframework.test.context.BootstrapUtils - Instantiating TestContextBootstrapper for test class [com.example.demo.GatewayServiceApplicationTests] from class [org.springframework.boot.test.context.SpringBootTestContextBootstrapper]
12:09:25.235 [main] INFO org.springframework.boot.test.context.SpringBootTestContextBootstrapper - Neither @ContextConfiguration nor @ContextHierarchy found for test class [com.example.demo.GatewayServiceApplicationTests], using SpringBootContextLoader
12:09:25.249 [main] DEBUG org.springframework.test.context.support.AbstractContextLoader - Did not detect default resource location for test class [com.example.demo.GatewayServiceApplicationTests]: class path resource [com/example/demo/GatewayServiceApplicationTests-context.xml] does not exist
12:09:25.251 [main] DEBUG org.springframework.test.context.support.AbstractContextLoader - Did not detect default resource location for test class [com.example.demo.GatewayServiceApplicationTests]: class path resource [com/example/demo/GatewayServiceApplicationTestsContext.groovy] does not exist
12:09:25.252 [main] INFO org.springframework.test.context.support.AbstractContextLoader - Could not detect default resource locations for test class [com.example.demo.GatewayServiceApplicationTests]: no resource found for suffixes {-context.xml, Context.groovy}.
12:09:25.254 [main] INFO org.springframework.test.context.support.AnnotationConfigContextLoaderUtils - Could not detect default configuration classes for test class [com.example.demo.GatewayServiceApplicationTests]: GatewayServiceApplicationTests does not declare any static, non-private, non-final, nested classes annotated with @Configuration.
12:09:25.345 [main] DEBUG org.springframework.test.context.support.ActiveProfilesUtils - Could not find an 'annotation declaring class' for annotation type [org.springframework.test.context.ActiveProfiles] and class [com.example.demo.GatewayServiceApplicationTests]
12:09:25.507 [main] DEBUG org.springframework.test.context.BootstrapUtils - Instantiating CacheAwareContextLoaderDelegate from class [org.springframework.test.context.cache.DefaultCacheAwareContextLoaderDelegate]
12:09:25.507 [main] DEBUG org.springframework.test.context.BootstrapUtils - Instantiating BootstrapContext using constructor [public org.springframework.test.context.support.DefaultBootstrapContext(java.lang.Class,org.springframework.test.context.CacheAwareContextLoaderDelegate)]
12:09:25.509 [main] DEBUG org.springframework.test.context.BootstrapUtils - Instantiating TestContextBootstrapper for test class [com.example.demo.GatewayServiceApplicationTests] from class [org.springframework.boot.test.context.SpringBootTestContextBootstrapper]
12:09:25.510 [main] INFO org.springframework.boot.test.context.SpringBootTestContextBootstrapper - Neither @ContextConfiguration nor @ContextHierarchy found for test class [com.example.demo.GatewayServiceApplicationTests], using SpringBootContextLoader
12:09:25.511 [main] DEBUG org.springframework.test.context.support.AbstractContextLoader - Did not detect default resource location for test class [com.example.demo.GatewayServiceApplicationTests]: class path resource [com/example/demo/GatewayServiceApplicationTests-context.xml] does not exist
12:09:25.512 [main] DEBUG org.springframework.test.context.support.AbstractContextLoader - Did not detect default resource location for test class [com.example.demo.GatewayServiceApplicationTests]: class path resource [com/example/demo/GatewayServiceApplicationTestsContext.groovy] does not exist
12:09:25.512 [main] INFO org.springframework.test.context.support.AbstractContextLoader - Could not detect default resource locations for test class [com.example.demo.GatewayServiceApplicationTests]: no resource found for suffixes {-context.xml, Context.groovy}.
12:09:25.512 [main] INFO org.springframework.test.context.support.AnnotationConfigContextLoaderUtils - Could not detect default configuration classes for test class [com.example.demo.GatewayServiceApplicationTests]: GatewayServiceApplicationTests does not declare any static, non-private, non-final, nested classes annotated with @Configuration.
12:09:25.515 [main] DEBUG org.springframework.test.context.support.ActiveProfilesUtils - Could not find an 'annotation declaring class' for annotation type [org.springframework.test.context.ActiveProfiles] and class [com.example.demo.GatewayServiceApplicationTests]
12:09:25.564 [main] DEBUG org.springframework.test.context.BootstrapUtils - Instantiating CacheAwareContextLoaderDelegate from class [org.springframework.test.context.cache.DefaultCacheAwareContextLoaderDelegate]
12:09:25.565 [main] DEBUG org.springframework.test.context.BootstrapUtils - Instantiating BootstrapContext using constructor [public org.springframework.test.context.support.DefaultBootstrapContext(java.lang.Class,org.springframework.test.context.CacheAwareContextLoaderDelegate)]
12:09:25.565 [main] DEBUG org.springframework.test.context.BootstrapUtils - Instantiating TestContextBootstrapper for test class [com.example.demo.GatewayServiceApplicationTests] from class [org.springframework.boot.test.context.SpringBootTestContextBootstrapper]
12:09:25.567 [main] INFO org.springframework.boot.test.context.SpringBootTestContextBootstrapper - Neither @ContextConfiguration nor @ContextHierarchy found for test class [com.example.demo.GatewayServiceApplicationTests], using SpringBootContextLoader
12:09:25.568 [main] DEBUG org.springframework.test.context.support.AbstractContextLoader - Did not detect default resource location for test class [com.example.demo.GatewayServiceApplicationTests]: class path resource [com/example/demo/GatewayServiceApplicationTests-context.xml] does not exist
12:09:25.568 [main] DEBUG org.springframework.test.context.support.AbstractContextLoader - Did not detect default resource location for test class [com.example.demo.GatewayServiceApplicationTests]: class path resource [com/example/demo/GatewayServiceApplicationTestsContext.groovy] does not exist
12:09:25.569 [main] INFO org.springframework.test.context.support.AbstractContextLoader - Could not detect default resource locations for test class [com.example.demo.GatewayServiceApplicationTests]: no resource found for suffixes {-context.xml, Context.groovy}.
12:09:25.569 [main] INFO org.springframework.test.context.support.AnnotationConfigContextLoaderUtils - Could not detect default configuration classes for test class [com.example.demo.GatewayServiceApplicationTests]: GatewayServiceApplicationTests does not declare any static, non-private, non-final, nested classes annotated with @Configuration.
12:09:25.572 [main] DEBUG org.springframework.test.context.support.ActiveProfilesUtils - Could not find an 'annotation declaring class' for annotation type [org.springframework.test.context.ActiveProfiles] and class [com.example.demo.GatewayServiceApplicationTests]
]]></system-out>
  </testcase>
</testsuite>